<?xml version="1.0" encoding="UTF-8"?>
<!-- Generated by org.testng.reporters.JUnitXMLReporter -->
<testsuite ignored="0" hostname="DESKTOP-BPCSJES" failures="1" tests="3" name="Test" time="36.298" errors="0" timestamp="2022-03-08T16:16:46 IST">
  <testcase classname="a5_extentreports.LoginTest" name="testLogo" time="0.175"/>
  <testcase classname="a5_extentreports.LoginTest" name="testLogin" time="15.33">
    <failure type="java.lang.AssertionError" message="expected [false] but found [true]">
      <![CDATA[java.lang.AssertionError: expected [false] but found [true]
at a5_extentreports.LoginTest.testLogin(LoginTest.java:58)
at java.base/java.util.ArrayList.forEach(ArrayList.java:1511)
... Removed 33 stack frames]]>
    </failure>
  </testcase> <!-- testLogin -->
  <testcase classname="a5_extentreports.LoginTest" name="testLogout" time="0.0">
    <skipped/>
  </testcase> <!-- testLogout -->
</testsuite> <!-- Test -->
