<?xml version="1.0" encoding="UTF-8"?>
<!-- Generated by org.testng.reporters.JUnitXMLReporter -->
<testsuite ignored="6" hostname="DESKTOP-BPCSJES" failures="0" tests="3" name="grouptests" time="0.096" errors="0" timestamp="2022-02-27T13:45:46 IST">
  <testcase classname="a2_annotations.Grouping" name="loginByfacebook" time="0.014"/>
  <testcase classname="a2_annotations.Grouping" name="loginBytwitter" time="0.003"/>
  <testcase classname="a2_annotations.Grouping" name="paymentindollar" time="0.005"/>
  <testcase classname="a2_annotations.Grouping" name="paymentinrupees" time="0.0">
    <ignored/>
  </testcase> <!-- paymentinrupees -->
  <testcase classname="a2_annotations.Grouping" name="signupbyemail" time="0.0">
    <ignored/>
  </testcase> <!-- signupbyemail -->
  <testcase classname="a2_annotations.Grouping" name="signupbytwitter" time="0.0">
    <ignored/>
  </testcase> <!-- signupbytwitter -->
  <testcase classname="a2_annotations.Grouping" name="paymentReturnbyBank" time="0.0">
    <ignored/>
  </testcase> <!-- paymentReturnbyBank -->
  <testcase classname="a2_annotations.Grouping" name="signupbyfacebook" time="0.0">
    <ignored/>
  </testcase> <!-- signupbyfacebook -->
  <testcase classname="a2_annotations.Grouping" name="loginByEmail" time="0.0">
    <ignored/>
  </testcase> <!-- loginByEmail -->
</testsuite> <!-- grouptests -->
